#! /usr/bin/vvp
:ivl_version "11.0 (stable)";
:ivl_delay_selection "TYPICAL";
:vpi_time_precision + 0;
:vpi_module "/usr/lib/x86_64-linux-gnu/ivl/system.vpi";
:vpi_module "/usr/lib/x86_64-linux-gnu/ivl/vhdl_sys.vpi";
:vpi_module "/usr/lib/x86_64-linux-gnu/ivl/vhdl_textio.vpi";
:vpi_module "/usr/lib/x86_64-linux-gnu/ivl/v2005_math.vpi";
:vpi_module "/usr/lib/x86_64-linux-gnu/ivl/va_math.vpi";
S_0x556d444d5960 .scope module, "testbench_TX" "testbench_TX" 2 5;
 .timescale 0 0;
v0x556d44509350_0 .net "COL", 0 0, v0x556d44506cd0_0;  1 drivers
v0x556d44509410_0 .net "GTX_CLK", 0 0, v0x556d44508b30_0;  1 drivers
v0x556d445094d0_0 .net "TXD", 7 0, v0x556d44508c80_0;  1 drivers
v0x556d44509570_0 .net "TX_EN", 0 0, v0x556d44508d20_0;  1 drivers
v0x556d445096a0_0 .net "TX_ER", 0 0, v0x556d44508dc0_0;  1 drivers
v0x556d445097d0_0 .net "mr_main_reset", 0 0, v0x556d44508e60_0;  1 drivers
v0x556d44509900_0 .net "receiving", 0 0, v0x556d44508f00_0;  1 drivers
v0x556d445099a0_0 .net "transmitting", 0 0, v0x556d44507450_0;  1 drivers
v0x556d44509a40_0 .net "tx_code_group", 9 0, v0x556d44505790_0;  1 drivers
v0x556d44509b70_0 .net "xmit", 2 0, v0x556d445090e0_0;  1 drivers
S_0x556d444d5af0 .scope module, "TX" "TRANSMIT" 2 13, 3 4 0, S_0x556d444d5960;
 .timescale 0 0;
    .port_info 0 /INPUT 1 "mr_main_reset";
    .port_info 1 /INPUT 1 "GTX_CLK";
    .port_info 2 /INPUT 8 "TXD";
    .port_info 3 /INPUT 1 "TX_EN";
    .port_info 4 /INPUT 1 "TX_ER";
    .port_info 5 /INPUT 1 "receiving";
    .port_info 6 /INPUT 3 "xmit";
    .port_info 7 /OUTPUT 1 "COL";
    .port_info 8 /OUTPUT 1 "transmitting";
    .port_info 9 /OUTPUT 10 "tx_code_group";
v0x556d44507b60_0 .net "COL", 0 0, v0x556d44506cd0_0;  alias, 1 drivers
v0x556d44507c50_0 .net "GTX_CLK", 0 0, v0x556d44508b30_0;  alias, 1 drivers
v0x556d44507cf0_0 .net "TXD", 7 0, v0x556d44508c80_0;  alias, 1 drivers
v0x556d44507dc0_0 .net "TX_EN", 0 0, v0x556d44508d20_0;  alias, 1 drivers
v0x556d44507e60_0 .net "TX_ER", 0 0, v0x556d44508dc0_0;  alias, 1 drivers
v0x556d44507f50_0 .net "TX_OSET_indicate", 0 0, v0x556d44505440_0;  1 drivers
v0x556d44508040_0 .net "mr_main_reset", 0 0, v0x556d44508e60_0;  alias, 1 drivers
v0x556d44508130_0 .net "receiving", 0 0, v0x556d44508f00_0;  alias, 1 drivers
v0x556d445081d0_0 .net "transmitting", 0 0, v0x556d44507450_0;  alias, 1 drivers
v0x556d44508270_0 .net "tx_code_group", 9 0, v0x556d44505790_0;  alias, 1 drivers
v0x556d44508310_0 .net "tx_even", 0 0, v0x556d44505870_0;  1 drivers
v0x556d445083b0_0 .net "tx_o_set", 6 0, v0x556d445076c0_0;  1 drivers
v0x556d445084a0_0 .net "xmit", 2 0, v0x556d445090e0_0;  alias, 1 drivers
S_0x556d444beb40 .scope module, "code_group" "TRANSMIT_CG" 3 41, 4 4 0, S_0x556d444d5af0;
 .timescale 0 0;
    .port_info 0 /INPUT 1 "mr_main_reset";
    .port_info 1 /INPUT 1 "GTX_CLK";
    .port_info 2 /INPUT 7 "tx_o_set";
    .port_info 3 /INPUT 8 "TXD";
    .port_info 4 /OUTPUT 1 "tx_even";
    .port_info 5 /OUTPUT 1 "TX_OSET_indicate";
    .port_info 6 /OUTPUT 10 "tx_code_group";
v0x556d44505220_0 .net "GTX_CLK", 0 0, v0x556d44508b30_0;  alias, 1 drivers
v0x556d445052e0_0 .net "TXD", 7 0, v0x556d44508c80_0;  alias, 1 drivers
v0x556d445053a0_0 .net "TXD_encoded", 9 0, v0x556d444adb60_0;  1 drivers
v0x556d44505440_0 .var "TX_OSET_indicate", 0 0;
v0x556d445054e0_0 .var "estado_actual", 1 0;
v0x556d445055f0_0 .var "estado_siguiente", 1 0;
v0x556d445056d0_0 .net "mr_main_reset", 0 0, v0x556d44508e60_0;  alias, 1 drivers
v0x556d44505790_0 .var "tx_code_group", 9 0;
v0x556d44505870_0 .var "tx_even", 0 0;
v0x556d44505930_0 .net "tx_o_set", 6 0, v0x556d445076c0_0;  alias, 1 drivers
E_0x556d444b5ac0 .event edge, v0x556d445054e0_0, v0x556d44505930_0, v0x556d44505870_0, v0x556d444adb60_0;
E_0x556d4447d530 .event posedge, v0x556d44505220_0;
S_0x556d444bedb0 .scope module, "data" "ENCODE" 4 15, 5 39 0, S_0x556d444beb40;
 .timescale 0 0;
    .port_info 0 /INPUT 8 "valid_cg_8b";
    .port_info 1 /OUTPUT 10 "valid_cg_10b";
v0x556d444adb60_0 .var "valid_cg_10b", 9 0;
v0x556d4447e350_0 .net "valid_cg_8b", 7 0, v0x556d44508c80_0;  alias, 1 drivers
E_0x556d444e84c0 .event edge, v0x556d4447e350_0;
S_0x556d44505af0 .scope module, "ordered_set" "TRANSMIT_OS" 3 23, 6 5 0, S_0x556d444d5af0;
 .timescale 0 0;
    .port_info 0 /INPUT 1 "mr_main_reset";
    .port_info 1 /INPUT 1 "GTX_CLK";
    .port_info 2 /INPUT 8 "TXD";
    .port_info 3 /INPUT 1 "TX_EN";
    .port_info 4 /INPUT 1 "TX_ER";
    .port_info 5 /INPUT 1 "receiving";
    .port_info 6 /INPUT 1 "TX_OSET_indicate";
    .port_info 7 /INPUT 1 "tx_even";
    .port_info 8 /INPUT 3 "xmit";
    .port_info 9 /OUTPUT 7 "tx_o_set";
    .port_info 10 /OUTPUT 1 "COL";
    .port_info 11 /OUTPUT 1 "transmitting";
    .port_info 12 /OUTPUT 10 "tx_code_group";
v0x556d44506cd0_0 .var "COL", 0 0;
v0x556d44506d90_0 .net "GTX_CLK", 0 0, v0x556d44508b30_0;  alias, 1 drivers
v0x556d44506ea0_0 .net "TXD", 7 0, v0x556d44508c80_0;  alias, 1 drivers
v0x556d44506f40_0 .net "TX_EN", 0 0, v0x556d44508d20_0;  alias, 1 drivers
v0x556d44506fe0_0 .net "TX_ER", 0 0, v0x556d44508dc0_0;  alias, 1 drivers
v0x556d445070d0_0 .net "TX_OSET_indicate", 0 0, v0x556d44505440_0;  alias, 1 drivers
v0x556d445071a0_0 .var "estado_actual", 7 0;
v0x556d44507240_0 .var "estado_siguiente", 7 0;
v0x556d445072e0_0 .net "mr_main_reset", 0 0, v0x556d44508e60_0;  alias, 1 drivers
v0x556d445073b0_0 .net "receiving", 0 0, v0x556d44508f00_0;  alias, 1 drivers
v0x556d44507450_0 .var "transmitting", 0 0;
v0x556d44507510_0 .var "tx_code_group", 9 0;
v0x556d445075f0_0 .net "tx_even", 0 0, v0x556d44505870_0;  alias, 1 drivers
v0x556d445076c0_0 .var "tx_o_set", 6 0;
v0x556d44507790_0 .net "tx_set_void", 8 0, v0x556d445064b0_0;  1 drivers
v0x556d44507860_0 .net "xmit", 2 0, v0x556d445090e0_0;  alias, 1 drivers
v0x556d44507930_0 .net "xmitCHANGE", 0 0, v0x556d44506ad0_0;  1 drivers
E_0x556d4447d4f0/0 .event edge, v0x556d445071a0_0, v0x556d44506a10_0, v0x556d44506270_0, v0x556d44506330_0;
E_0x556d4447d4f0/1 .event edge, v0x556d44505440_0, v0x556d445073b0_0, v0x556d445064b0_0, v0x556d44505870_0;
E_0x556d4447d4f0 .event/or E_0x556d4447d4f0/0, E_0x556d4447d4f0/1;
S_0x556d44505e30 .scope module, "void" "VOID" 6 29, 5 76 0, S_0x556d44505af0;
 .timescale 0 0;
    .port_info 0 /INPUT 9 "tx_set_in";
    .port_info 1 /INPUT 1 "TX_EN";
    .port_info 2 /INPUT 1 "TX_ER";
    .port_info 3 /INPUT 8 "TXD";
    .port_info 4 /OUTPUT 9 "tx_set_out";
v0x556d44506140_0 .net "TXD", 7 0, v0x556d44508c80_0;  alias, 1 drivers
v0x556d44506270_0 .net "TX_EN", 0 0, v0x556d44508d20_0;  alias, 1 drivers
v0x556d44506330_0 .net "TX_ER", 0 0, v0x556d44508dc0_0;  alias, 1 drivers
L_0x7f84c7c6f018 .functor BUFT 1, C4<000010000>, C4<0>, C4<0>, C4<0>;
v0x556d445063d0_0 .net "tx_set_in", 8 0, L_0x7f84c7c6f018;  1 drivers
v0x556d445064b0_0 .var "tx_set_out", 8 0;
E_0x556d445060b0 .event edge, v0x556d44506270_0, v0x556d44506330_0, v0x556d4447e350_0, v0x556d445063d0_0;
S_0x556d44506680 .scope module, "xmit_C" "xmit_CHANGE" 6 22, 5 96 0, S_0x556d44505af0;
 .timescale 0 0;
    .port_info 0 /INPUT 1 "clk";
    .port_info 1 /INPUT 3 "xmit";
    .port_info 2 /OUTPUT 1 "xmitCHANGE";
v0x556d44506950_0 .net "clk", 0 0, v0x556d44508b30_0;  alias, 1 drivers
v0x556d44506a10_0 .net "xmit", 2 0, v0x556d445090e0_0;  alias, 1 drivers
v0x556d44506ad0_0 .var "xmitCHANGE", 0 0;
v0x556d44506b70_0 .var "xmit_old", 2 0;
E_0x556d445068d0 .event edge, v0x556d44506a10_0, v0x556d44506b70_0;
S_0x556d44508710 .scope module, "probador" "tester_TX" 2 27, 7 1 0, S_0x556d444d5960;
 .timescale 0 0;
    .port_info 0 /INPUT 10 "tx_code_group";
    .port_info 1 /OUTPUT 8 "TXD";
    .port_info 2 /OUTPUT 1 "TX_EN";
    .port_info 3 /OUTPUT 1 "TX_ER";
    .port_info 4 /OUTPUT 1 "GTX_CLK";
    .port_info 5 /INPUT 1 "COL";
    .port_info 6 /OUTPUT 1 "mr_main_reset";
    .port_info 7 /OUTPUT 1 "receiving";
    .port_info 8 /OUTPUT 3 "xmit";
v0x556d44508a40_0 .net "COL", 0 0, v0x556d44506cd0_0;  alias, 1 drivers
v0x556d44508b30_0 .var "GTX_CLK", 0 0;
v0x556d44508c80_0 .var "TXD", 7 0;
v0x556d44508d20_0 .var "TX_EN", 0 0;
v0x556d44508dc0_0 .var "TX_ER", 0 0;
v0x556d44508e60_0 .var "mr_main_reset", 0 0;
v0x556d44508f00_0 .var "receiving", 0 0;
v0x556d44508ff0_0 .net "tx_code_group", 9 0, v0x556d44505790_0;  alias, 1 drivers
v0x556d445090e0_0 .var "xmit", 2 0;
    .scope S_0x556d44506680;
T_0 ;
    %wait E_0x556d4447d530;
    %load/vec4 v0x556d44506a10_0;
    %assign/vec4 v0x556d44506b70_0, 0;
    %jmp T_0;
    .thread T_0;
    .scope S_0x556d44506680;
T_1 ;
    %wait E_0x556d445068d0;
    %load/vec4 v0x556d44506a10_0;
    %load/vec4 v0x556d44506b70_0;
    %cmp/e;
    %jmp/0xz  T_1.0, 4;
    %pushi/vec4 0, 0, 1;
    %store/vec4 v0x556d44506ad0_0, 0, 1;
    %jmp T_1.1;
T_1.0 ;
    %pushi/vec4 1, 0, 1;
    %store/vec4 v0x556d44506ad0_0, 0, 1;
T_1.1 ;
    %jmp T_1;
    .thread T_1, $push;
    .scope S_0x556d44505e30;
T_2 ;
    %wait E_0x556d445060b0;
    %load/vec4 v0x556d44506270_0;
    %nor/r;
    %load/vec4 v0x556d44506330_0;
    %and;
    %load/vec4 v0x556d44506140_0;
    %pushi/vec4 15, 0, 8;
    %cmp/ne;
    %flag_get/vec4 4;
    %and;
    %flag_set/vec4 8;
    %jmp/0xz  T_2.0, 8;
    %pushi/vec4 64, 0, 9;
    %store/vec4 v0x556d445064b0_0, 0, 9;
    %jmp T_2.1;
T_2.0 ;
    %load/vec4 v0x556d44506270_0;
    %load/vec4 v0x556d44506330_0;
    %and;
    %flag_set/vec4 8;
    %jmp/0xz  T_2.2, 8;
    %pushi/vec4 64, 0, 9;
    %store/vec4 v0x556d445064b0_0, 0, 9;
    %jmp T_2.3;
T_2.2 ;
    %load/vec4 v0x556d445063d0_0;
    %store/vec4 v0x556d445064b0_0, 0, 9;
T_2.3 ;
T_2.1 ;
    %jmp T_2;
    .thread T_2, $push;
    .scope S_0x556d44505af0;
T_3 ;
    %wait E_0x556d4447d530;
    %load/vec4 v0x556d445072e0_0;
    %nor/r;
    %flag_set/vec4 8;
    %load/vec4 v0x556d44507930_0;
    %load/vec4 v0x556d445070d0_0;
    %and;
    %load/vec4 v0x556d445075f0_0;
    %nor/r;
    %and;
    %flag_set/vec4 9;
    %flag_or 9, 8;
    %jmp/0xz  T_3.0, 9;
    %pushi/vec4 1, 0, 8;
    %assign/vec4 v0x556d445071a0_0, 0;
    %pushi/vec4 0, 0, 1;
    %store/vec4 v0x556d44507450_0, 0, 1;
    %pushi/vec4 0, 0, 1;
    %store/vec4 v0x556d44506cd0_0, 0, 1;
    %jmp T_3.1;
T_3.0 ;
    %load/vec4 v0x556d44507240_0;
    %assign/vec4 v0x556d445071a0_0, 0;
T_3.1 ;
    %jmp T_3;
    .thread T_3;
    .scope S_0x556d44505af0;
T_4 ;
    %wait E_0x556d4447d4f0;
    %load/vec4 v0x556d445071a0_0;
    %store/vec4 v0x556d44507240_0, 0, 8;
    %load/vec4 v0x556d445071a0_0;
    %dup/vec4;
    %pushi/vec4 1, 0, 8;
    %cmp/u;
    %jmp/1 T_4.0, 6;
    %dup/vec4;
    %pushi/vec4 2, 0, 8;
    %cmp/u;
    %jmp/1 T_4.1, 6;
    %dup/vec4;
    %pushi/vec4 4, 0, 8;
    %cmp/u;
    %jmp/1 T_4.2, 6;
    %dup/vec4;
    %pushi/vec4 8, 0, 8;
    %cmp/u;
    %jmp/1 T_4.3, 6;
    %dup/vec4;
    %pushi/vec4 16, 0, 8;
    %cmp/u;
    %jmp/1 T_4.4, 6;
    %dup/vec4;
    %pushi/vec4 32, 0, 8;
    %cmp/u;
    %jmp/1 T_4.5, 6;
    %dup/vec4;
    %pushi/vec4 64, 0, 8;
    %cmp/u;
    %jmp/1 T_4.6, 6;
    %dup/vec4;
    %pushi/vec4 128, 0, 8;
    %cmp/u;
    %jmp/1 T_4.7, 6;
    %pushi/vec4 1, 0, 8;
    %store/vec4 v0x556d44507240_0, 0, 8;
    %jmp T_4.9;
T_4.0 ;
    %pushi/vec4 0, 0, 1;
    %store/vec4 v0x556d44507450_0, 0, 1;
    %pushi/vec4 0, 0, 1;
    %store/vec4 v0x556d44506cd0_0, 0, 1;
    %load/vec4 v0x556d44507860_0;
    %cmpi/e 1, 0, 3;
    %flag_mov 8, 4;
    %load/vec4 v0x556d44507860_0;
    %pushi/vec4 2, 0, 3;
    %cmp/e;
    %flag_get/vec4 4;
    %load/vec4 v0x556d44506f40_0;
    %load/vec4 v0x556d44506fe0_0;
    %or;
    %and;
    %flag_set/vec4 9;
    %flag_or 9, 8;
    %jmp/0xz  T_4.10, 9;
    %pushi/vec4 2, 0, 8;
    %store/vec4 v0x556d44507240_0, 0, 8;
T_4.10 ;
    %load/vec4 v0x556d44507860_0;
    %pushi/vec4 2, 0, 3;
    %cmp/e;
    %flag_get/vec4 4;
    %load/vec4 v0x556d44506f40_0;
    %nor/r;
    %and;
    %load/vec4 v0x556d44506fe0_0;
    %nor/r;
    %and;
    %flag_set/vec4 8;
    %jmp/0xz  T_4.12, 8;
    %pushi/vec4 2, 0, 8;
    %store/vec4 v0x556d44507240_0, 0, 8;
T_4.12 ;
    %jmp T_4.9;
T_4.1 ;
    %pushi/vec4 8, 0, 7;
    %store/vec4 v0x556d445076c0_0, 0, 7;
    %load/vec4 v0x556d44507860_0;
    %pushi/vec4 2, 0, 3;
    %cmp/e;
    %flag_get/vec4 4;
    %load/vec4 v0x556d445070d0_0;
    %and;
    %load/vec4 v0x556d44506f40_0;
    %nor/r;
    %and;
    %load/vec4 v0x556d44506fe0_0;
    %nor/r;
    %and;
    %flag_set/vec4 8;
    %jmp/0xz  T_4.14, 8;
    %pushi/vec4 4, 0, 8;
    %store/vec4 v0x556d44507240_0, 0, 8;
T_4.14 ;
    %jmp T_4.9;
T_4.2 ;
    %pushi/vec4 8, 0, 7;
    %store/vec4 v0x556d445076c0_0, 0, 7;
    %load/vec4 v0x556d44506f40_0;
    %nor/r;
    %load/vec4 v0x556d445070d0_0;
    %and;
    %flag_set/vec4 8;
    %jmp/0xz  T_4.16, 8;
    %pushi/vec4 4, 0, 8;
    %store/vec4 v0x556d44507240_0, 0, 8;
T_4.16 ;
    %load/vec4 v0x556d44506f40_0;
    %load/vec4 v0x556d44506fe0_0;
    %nor/r;
    %and;
    %load/vec4 v0x556d445070d0_0;
    %and;
    %flag_set/vec4 8;
    %jmp/0xz  T_4.18, 8;
    %pushi/vec4 8, 0, 8;
    %store/vec4 v0x556d44507240_0, 0, 8;
T_4.18 ;
    %jmp T_4.9;
T_4.3 ;
    %pushi/vec4 32, 0, 7;
    %store/vec4 v0x556d445076c0_0, 0, 7;
    %pushi/vec4 1, 0, 1;
    %store/vec4 v0x556d44507450_0, 0, 1;
    %load/vec4 v0x556d445073b0_0;
    %store/vec4 v0x556d44506cd0_0, 0, 1;
    %load/vec4 v0x556d445070d0_0;
    %flag_set/vec4 8;
    %jmp/0xz  T_4.20, 8;
    %pushi/vec4 16, 0, 8;
    %store/vec4 v0x556d44507240_0, 0, 8;
T_4.20 ;
    %jmp T_4.9;
T_4.4 ;
    %load/vec4 v0x556d44506f40_0;
    %flag_set/vec4 8;
    %jmp/0xz  T_4.22, 8;
    %load/vec4 v0x556d44507790_0;
    %pad/u 7;
    %store/vec4 v0x556d445076c0_0, 0, 7;
    %load/vec4 v0x556d445073b0_0;
    %store/vec4 v0x556d44506cd0_0, 0, 1;
T_4.22 ;
    %load/vec4 v0x556d44506f40_0;
    %nor/r;
    %load/vec4 v0x556d44506fe0_0;
    %nor/r;
    %and;
    %flag_set/vec4 8;
    %jmp/0xz  T_4.24, 8;
    %pushi/vec4 32, 0, 8;
    %store/vec4 v0x556d44507240_0, 0, 8;
T_4.24 ;
    %jmp T_4.9;
T_4.5 ;
    %pushi/vec4 2, 0, 7;
    %store/vec4 v0x556d445076c0_0, 0, 7;
    %pushi/vec4 0, 0, 1;
    %store/vec4 v0x556d44506cd0_0, 0, 1;
    %load/vec4 v0x556d445075f0_0;
    %nor/r;
    %flag_set/vec4 8;
    %jmp/0xz  T_4.26, 8;
    %pushi/vec4 0, 0, 1;
    %store/vec4 v0x556d44507450_0, 0, 1;
T_4.26 ;
    %load/vec4 v0x556d445070d0_0;
    %flag_set/vec4 8;
    %jmp/0xz  T_4.28, 8;
    %pushi/vec4 64, 0, 8;
    %store/vec4 v0x556d44507240_0, 0, 8;
T_4.28 ;
    %jmp T_4.9;
T_4.6 ;
    %pushi/vec4 4, 0, 7;
    %store/vec4 v0x556d445076c0_0, 0, 7;
    %pushi/vec4 0, 0, 1;
    %store/vec4 v0x556d44507450_0, 0, 1;
    %load/vec4 v0x556d445070d0_0;
    %flag_set/vec4 8;
    %jmp/0xz  T_4.30, 8;
    %load/vec4 v0x556d445075f0_0;
    %nor/r;
    %flag_set/vec4 8;
    %jmp/0xz  T_4.32, 8;
    %pushi/vec4 4, 0, 8;
    %store/vec4 v0x556d44507240_0, 0, 8;
    %jmp T_4.33;
T_4.32 ;
    %pushi/vec4 128, 0, 8;
    %store/vec4 v0x556d44507240_0, 0, 8;
T_4.33 ;
T_4.30 ;
    %jmp T_4.9;
T_4.7 ;
    %pushi/vec4 4, 0, 7;
    %store/vec4 v0x556d445076c0_0, 0, 7;
    %load/vec4 v0x556d445070d0_0;
    %flag_set/vec4 8;
    %jmp/0xz  T_4.34, 8;
    %pushi/vec4 4, 0, 8;
    %store/vec4 v0x556d44507240_0, 0, 8;
T_4.34 ;
    %jmp T_4.9;
T_4.9 ;
    %pop/vec4 1;
    %jmp T_4;
    .thread T_4, $push;
    .scope S_0x556d444bedb0;
T_5 ;
    %wait E_0x556d444e84c0;
    %load/vec4 v0x556d4447e350_0;
    %dup/vec4;
    %pushi/vec4 28, 0, 8;
    %cmp/u;
    %jmp/1 T_5.0, 6;
    %dup/vec4;
    %pushi/vec4 60, 0, 8;
    %cmp/u;
    %jmp/1 T_5.1, 6;
    %dup/vec4;
    %pushi/vec4 92, 0, 8;
    %cmp/u;
    %jmp/1 T_5.2, 6;
    %dup/vec4;
    %pushi/vec4 124, 0, 8;
    %cmp/u;
    %jmp/1 T_5.3, 6;
    %dup/vec4;
    %pushi/vec4 156, 0, 8;
    %cmp/u;
    %jmp/1 T_5.4, 6;
    %dup/vec4;
    %pushi/vec4 188, 0, 8;
    %cmp/u;
    %jmp/1 T_5.5, 6;
    %dup/vec4;
    %pushi/vec4 220, 0, 8;
    %cmp/u;
    %jmp/1 T_5.6, 6;
    %dup/vec4;
    %pushi/vec4 252, 0, 8;
    %cmp/u;
    %jmp/1 T_5.7, 6;
    %dup/vec4;
    %pushi/vec4 247, 0, 8;
    %cmp/u;
    %jmp/1 T_5.8, 6;
    %dup/vec4;
    %pushi/vec4 251, 0, 8;
    %cmp/u;
    %jmp/1 T_5.9, 6;
    %dup/vec4;
    %pushi/vec4 253, 0, 8;
    %cmp/u;
    %jmp/1 T_5.10, 6;
    %dup/vec4;
    %pushi/vec4 254, 0, 8;
    %cmp/u;
    %jmp/1 T_5.11, 6;
    %dup/vec4;
    %pushi/vec4 0, 0, 8;
    %cmp/u;
    %jmp/1 T_5.12, 6;
    %dup/vec4;
    %pushi/vec4 1, 0, 8;
    %cmp/u;
    %jmp/1 T_5.13, 6;
    %dup/vec4;
    %pushi/vec4 2, 0, 8;
    %cmp/u;
    %jmp/1 T_5.14, 6;
    %dup/vec4;
    %pushi/vec4 3, 0, 8;
    %cmp/u;
    %jmp/1 T_5.15, 6;
    %dup/vec4;
    %pushi/vec4 66, 0, 8;
    %cmp/u;
    %jmp/1 T_5.16, 6;
    %dup/vec4;
    %pushi/vec4 80, 0, 8;
    %cmp/u;
    %jmp/1 T_5.17, 6;
    %dup/vec4;
    %pushi/vec4 154, 0, 8;
    %cmp/u;
    %jmp/1 T_5.18, 6;
    %dup/vec4;
    %pushi/vec4 166, 0, 8;
    %cmp/u;
    %jmp/1 T_5.19, 6;
    %dup/vec4;
    %pushi/vec4 181, 0, 8;
    %cmp/u;
    %jmp/1 T_5.20, 6;
    %dup/vec4;
    %pushi/vec4 197, 0, 8;
    %cmp/u;
    %jmp/1 T_5.21, 6;
    %jmp T_5.22;
T_5.0 ;
    %pushi/vec4 779, 0, 10;
    %store/vec4 v0x556d444adb60_0, 0, 10;
    %jmp T_5.22;
T_5.1 ;
    %pushi/vec4 774, 0, 10;
    %store/vec4 v0x556d444adb60_0, 0, 10;
    %jmp T_5.22;
T_5.2 ;
    %pushi/vec4 778, 0, 10;
    %store/vec4 v0x556d444adb60_0, 0, 10;
    %jmp T_5.22;
T_5.3 ;
    %pushi/vec4 780, 0, 10;
    %store/vec4 v0x556d444adb60_0, 0, 10;
    %jmp T_5.22;
T_5.4 ;
    %pushi/vec4 781, 0, 10;
    %store/vec4 v0x556d444adb60_0, 0, 10;
    %jmp T_5.22;
T_5.5 ;
    %pushi/vec4 773, 0, 10;
    %store/vec4 v0x556d444adb60_0, 0, 10;
    %jmp T_5.22;
T_5.6 ;
    %pushi/vec4 777, 0, 10;
    %store/vec4 v0x556d444adb60_0, 0, 10;
    %jmp T_5.22;
T_5.7 ;
    %pushi/vec4 775, 0, 10;
    %store/vec4 v0x556d444adb60_0, 0, 10;
    %jmp T_5.22;
T_5.8 ;
    %pushi/vec4 87, 0, 10;
    %store/vec4 v0x556d444adb60_0, 0, 10;
    %jmp T_5.22;
T_5.9 ;
    %pushi/vec4 151, 0, 10;
    %store/vec4 v0x556d444adb60_0, 0, 10;
    %jmp T_5.22;
T_5.10 ;
    %pushi/vec4 279, 0, 10;
    %store/vec4 v0x556d444adb60_0, 0, 10;
    %jmp T_5.22;
T_5.11 ;
    %pushi/vec4 535, 0, 10;
    %store/vec4 v0x556d444adb60_0, 0, 10;
    %jmp T_5.22;
T_5.12 ;
    %pushi/vec4 395, 0, 10;
    %store/vec4 v0x556d444adb60_0, 0, 10;
    %jmp T_5.22;
T_5.13 ;
    %pushi/vec4 555, 0, 10;
    %store/vec4 v0x556d444adb60_0, 0, 10;
    %jmp T_5.22;
T_5.14 ;
    %pushi/vec4 299, 0, 10;
    %store/vec4 v0x556d444adb60_0, 0, 10;
    %jmp T_5.22;
T_5.15 ;
    %pushi/vec4 788, 0, 10;
    %store/vec4 v0x556d444adb60_0, 0, 10;
    %jmp T_5.22;
T_5.16 ;
    %pushi/vec4 293, 0, 10;
    %store/vec4 v0x556d444adb60_0, 0, 10;
    %jmp T_5.22;
T_5.17 ;
    %pushi/vec4 581, 0, 10;
    %store/vec4 v0x556d444adb60_0, 0, 10;
    %jmp T_5.22;
T_5.18 ;
    %pushi/vec4 354, 0, 10;
    %store/vec4 v0x556d444adb60_0, 0, 10;
    %jmp T_5.22;
T_5.19 ;
    %pushi/vec4 410, 0, 10;
    %store/vec4 v0x556d444adb60_0, 0, 10;
    %jmp T_5.22;
T_5.20 ;
    %pushi/vec4 682, 0, 10;
    %store/vec4 v0x556d444adb60_0, 0, 10;
    %jmp T_5.22;
T_5.21 ;
    %pushi/vec4 662, 0, 10;
    %store/vec4 v0x556d444adb60_0, 0, 10;
    %jmp T_5.22;
T_5.22 ;
    %pop/vec4 1;
    %jmp T_5;
    .thread T_5, $push;
    .scope S_0x556d444beb40;
T_6 ;
    %wait E_0x556d4447d530;
    %load/vec4 v0x556d445056d0_0;
    %nor/r;
    %flag_set/vec4 8;
    %jmp/0xz  T_6.0, 8;
    %pushi/vec4 1, 0, 2;
    %assign/vec4 v0x556d445054e0_0, 0;
    %pushi/vec4 0, 0, 1;
    %assign/vec4 v0x556d44505440_0, 0;
    %jmp T_6.1;
T_6.0 ;
    %load/vec4 v0x556d445055f0_0;
    %assign/vec4 v0x556d445054e0_0, 0;
T_6.1 ;
    %jmp T_6;
    .thread T_6;
    .scope S_0x556d444beb40;
T_7 ;
    %wait E_0x556d444b5ac0;
    %load/vec4 v0x556d445054e0_0;
    %store/vec4 v0x556d445055f0_0, 0, 2;
    %pushi/vec4 0, 0, 1;
    %store/vec4 v0x556d44505440_0, 0, 1;
    %load/vec4 v0x556d445054e0_0;
    %dup/vec4;
    %pushi/vec4 1, 0, 2;
    %cmp/u;
    %jmp/1 T_7.0, 6;
    %dup/vec4;
    %pushi/vec4 2, 0, 2;
    %cmp/u;
    %jmp/1 T_7.1, 6;
    %pushi/vec4 1, 0, 2;
    %store/vec4 v0x556d445055f0_0, 0, 2;
    %jmp T_7.3;
T_7.0 ;
    %load/vec4 v0x556d44505930_0;
    %pad/u 9;
    %cmpi/e 8, 0, 9;
    %jmp/0xz  T_7.4, 4;
    %pushi/vec4 1, 0, 1;
    %store/vec4 v0x556d44505870_0, 0, 1;
    %pushi/vec4 773, 0, 10;
    %store/vec4 v0x556d44505790_0, 0, 10;
    %pushi/vec4 2, 0, 2;
    %store/vec4 v0x556d445055f0_0, 0, 2;
    %jmp T_7.5;
T_7.4 ;
    %pushi/vec4 1, 0, 1;
    %store/vec4 v0x556d44505440_0, 0, 1;
    %load/vec4 v0x556d44505870_0;
    %nor/r;
    %store/vec4 v0x556d44505870_0, 0, 1;
    %load/vec4 v0x556d44505930_0;
    %pad/u 9;
    %cmpi/e 4, 0, 9;
    %jmp/0xz  T_7.6, 4;
    %pushi/vec4 87, 0, 10;
    %store/vec4 v0x556d44505790_0, 0, 10;
T_7.6 ;
    %load/vec4 v0x556d44505930_0;
    %pad/u 9;
    %cmpi/e 32, 0, 9;
    %jmp/0xz  T_7.8, 4;
    %pushi/vec4 151, 0, 10;
    %store/vec4 v0x556d44505790_0, 0, 10;
T_7.8 ;
    %load/vec4 v0x556d44505930_0;
    %pad/u 9;
    %cmpi/e 2, 0, 9;
    %jmp/0xz  T_7.10, 4;
    %pushi/vec4 279, 0, 10;
    %store/vec4 v0x556d44505790_0, 0, 10;
T_7.10 ;
    %load/vec4 v0x556d44505930_0;
    %pad/u 9;
    %cmpi/e 64, 0, 9;
    %jmp/0xz  T_7.12, 4;
    %pushi/vec4 535, 0, 10;
    %store/vec4 v0x556d44505790_0, 0, 10;
T_7.12 ;
    %load/vec4 v0x556d44505930_0;
    %pad/u 9;
    %cmpi/e 16, 0, 9;
    %jmp/0xz  T_7.14, 4;
    %load/vec4 v0x556d445053a0_0;
    %store/vec4 v0x556d44505790_0, 0, 10;
T_7.14 ;
T_7.5 ;
    %jmp T_7.3;
T_7.1 ;
    %pushi/vec4 0, 0, 1;
    %store/vec4 v0x556d44505870_0, 0, 1;
    %pushi/vec4 1, 0, 1;
    %store/vec4 v0x556d44505440_0, 0, 1;
    %pushi/vec4 581, 0, 10;
    %store/vec4 v0x556d44505790_0, 0, 10;
    %pushi/vec4 1, 0, 2;
    %store/vec4 v0x556d445055f0_0, 0, 2;
    %jmp T_7.3;
T_7.3 ;
    %pop/vec4 1;
    %jmp T_7;
    .thread T_7, $push;
    .scope S_0x556d44508710;
T_8 ;
    %pushi/vec4 0, 0, 1;
    %store/vec4 v0x556d44508b30_0, 0, 1;
    %delay 1, 0;
    %pushi/vec4 1, 0, 1;
    %store/vec4 v0x556d44508b30_0, 0, 1;
    %delay 1, 0;
    %jmp T_8;
    .thread T_8;
    .scope S_0x556d44508710;
T_9 ;
    %pushi/vec4 0, 0, 8;
    %store/vec4 v0x556d44508c80_0, 0, 8;
    %pushi/vec4 0, 0, 1;
    %store/vec4 v0x556d44508d20_0, 0, 1;
    %pushi/vec4 0, 0, 1;
    %store/vec4 v0x556d44508dc0_0, 0, 1;
    %pushi/vec4 1, 0, 3;
    %store/vec4 v0x556d445090e0_0, 0, 3;
    %pushi/vec4 0, 0, 1;
    %store/vec4 v0x556d44508e60_0, 0, 1;
    %delay 2, 0;
    %pushi/vec4 1, 0, 1;
    %store/vec4 v0x556d44508e60_0, 0, 1;
    %delay 10, 0;
    %pushi/vec4 2, 0, 3;
    %store/vec4 v0x556d445090e0_0, 0, 3;
    %delay 10, 0;
    %pushi/vec4 1, 0, 1;
    %store/vec4 v0x556d44508d20_0, 0, 1;
    %delay 5, 0;
    %pushi/vec4 1, 0, 8;
    %store/vec4 v0x556d44508c80_0, 0, 8;
    %delay 2, 0;
    %pushi/vec4 2, 0, 8;
    %store/vec4 v0x556d44508c80_0, 0, 8;
    %delay 2, 0;
    %pushi/vec4 3, 0, 8;
    %store/vec4 v0x556d44508c80_0, 0, 8;
    %delay 2, 0;
    %pushi/vec4 66, 0, 8;
    %store/vec4 v0x556d44508c80_0, 0, 8;
    %delay 2, 0;
    %pushi/vec4 80, 0, 8;
    %store/vec4 v0x556d44508c80_0, 0, 8;
    %delay 2, 0;
    %pushi/vec4 154, 0, 8;
    %store/vec4 v0x556d44508c80_0, 0, 8;
    %delay 2, 0;
    %pushi/vec4 166, 0, 8;
    %store/vec4 v0x556d44508c80_0, 0, 8;
    %delay 2, 0;
    %pushi/vec4 181, 0, 8;
    %store/vec4 v0x556d44508c80_0, 0, 8;
    %delay 2, 0;
    %pushi/vec4 197, 0, 8;
    %store/vec4 v0x556d44508c80_0, 0, 8;
    %delay 2, 0;
    %pushi/vec4 3, 0, 8;
    %store/vec4 v0x556d44508c80_0, 0, 8;
    %delay 2, 0;
    %pushi/vec4 124, 0, 8;
    %store/vec4 v0x556d44508c80_0, 0, 8;
    %delay 2, 0;
    %pushi/vec4 188, 0, 8;
    %store/vec4 v0x556d44508c80_0, 0, 8;
    %delay 2, 0;
    %pushi/vec4 251, 0, 8;
    %store/vec4 v0x556d44508c80_0, 0, 8;
    %delay 2, 0;
    %pushi/vec4 0, 0, 1;
    %store/vec4 v0x556d44508d20_0, 0, 1;
    %delay 20, 0;
    %vpi_call 7 65 "$finish" {0 0 0};
    %end;
    .thread T_9;
    .scope S_0x556d444d5960;
T_10 ;
    %vpi_call 2 43 "$dumpfile", "resultado.vcd" {0 0 0};
    %vpi_call 2 44 "$dumpvars" {0 0 0};
    %end;
    .thread T_10;
# The file index is used to find the file name in the following table.
:file_names 8;
    "N/A";
    "<interactive>";
    "testbench.v";
    "./transmisor.v";
    "./transmisor_cg.v";
    "./macros_TX.v";
    "./transmisor_os.v";
    "./probador_TX.v";
